# JRE version: OpenJDK Runtime Environment (8.0_112-b06) (build 1.8.0_112-release-b06)
# Java VM: OpenJDK 64-Bit Server VM (25.112-b06 mixed mode linux-amd64 compressed oops)
Heap:
 PSYoungGen      total 275456K, used 24055K [0x00000000e0000000, 0x00000000f2d80000, 0x0000000100000000)
  eden space 251392K, 0% used [0x00000000e0000000,0x00000000e0000000,0x00000000ef580000)
  from space 24064K, 99% used [0x00000000ef580000,0x00000000f0cfdc70,0x00000000f0d00000)
  to   space 19456K, 0% used [0x00000000f0d00000,0x00000000f0d00000,0x00000000f2000000)
 ParOldGen       total 102912K, used 65940K [0x00000000a0000000, 0x00000000a6480000, 0x00000000e0000000)
  object space 102912K, 64% used [0x00000000a0000000,0x00000000a4065310,0x00000000a6480000)
 Metaspace       used 76303K, capacity 79936K, committed 80128K, reserved 1118208K
  class space    used 9830K, capacity 10479K, committed 10496K, reserved 1048576K
GC Heap History (10 events):
Event: 150.708 GC heap after
Heap after GC invocations=19 (full 3):
 PSYoungGen      total 231424K, used 5910K [0x00000000e0000000, 0x00000000ef900000, 0x0000000100000000)
  eden space 218112K, 0% used [0x00000000e0000000,0x00000000e0000000,0x00000000ed500000)
  from space 13312K, 44% used [0x00000000eec00000,0x00000000ef1c5820,0x00000000ef900000)
  to   space 18432K, 0% used [0x00000000ed500000,0x00000000ed500000,0x00000000ee700000)
 ParOldGen       total 102912K, used 45194K [0x00000000a0000000, 0x00000000a6480000, 0x00000000e0000000)
  object space 102912K, 43% used [0x00000000a0000000,0x00000000a2c22860,0x00000000a6480000)
 Metaspace       used 65132K, capacity 68100K, committed 68352K, reserved 1107968K
  class space    used 8612K, capacity 9165K, committed 9216K, reserved 1048576K
}
Event: 3178.073 GC heap before
{Heap before GC invocations=20 (full 3):
 PSYoungGen      total 231424K, used 224022K [0x00000000e0000000, 0x00000000ef900000, 0x0000000100000000)
  eden space 218112K, 100% used [0x00000000e0000000,0x00000000ed500000,0x00000000ed500000)
  from space 13312K, 44% used [0x00000000eec00000,0x00000000ef1c5820,0x00000000ef900000)
  to   space 18432K, 0% used [0x00000000ed500000,0x00000000ed500000,0x00000000ee700000)
 ParOldGen       total 102912K, used 45194K [0x00000000a0000000, 0x00000000a6480000, 0x00000000e0000000)
  object space 102912K, 43% used [0x00000000a0000000,0x00000000a2c22860,0x00000000a6480000)
 Metaspace       used 65840K, capacity 68968K, committed 69248K, reserved 1110016K
  class space    used 8651K, capacity 9227K, committed 9344K, reserved 1048576K
Event: 3182.746 GC heap after
Heap after GC invocations=20 (full 3):
 PSYoungGen      total 215040K, used 5526K [0x00000000e0000000, 0x00000000eef80000, 0x0000000100000000)
  eden space 209408K, 0% used [0x00000000e0000000,0x00000000e0000000,0x00000000ecc80000)
  from space 5632K, 98% used [0x00000000ed500000,0x00000000eda65840,0x00000000eda80000)
  to   space 17920K, 0% used [0x00000000ede00000,0x00000000ede00000,0x00000000eef80000)
 ParOldGen       total 102912K, used 45202K [0x00000000a0000000, 0x00000000a6480000, 0x00000000e0000000)
  object space 102912K, 43% used [0x00000000a0000000,0x00000000a2c24860,0x00000000a6480000)
 Metaspace       used 65840K, capacity 68968K, committed 69248K, reserved 1110016K
  class space    used 8651K, capacity 9227K, committed 9344K, reserved 1048576K
}
Event: 3224.702 GC heap before
{Heap before GC invocations=21 (full 3):
 PSYoungGen      total 215040K, used 214074K [0x00000000e0000000, 0x00000000eef80000, 0x0000000100000000)
  eden space 209408K, 99% used [0x00000000e0000000,0x00000000ecba9148,0x00000000ecc80000)
  from space 5632K, 98% used [0x00000000ed500000,0x00000000eda65840,0x00000000eda80000)
  to   space 17920K, 0% used [0x00000000ede00000,0x00000000ede00000,0x00000000eef80000)
 ParOldGen       total 102912K, used 45202K [0x00000000a0000000, 0x00000000a6480000, 0x00000000e0000000)
  object space 102912K, 43% used [0x00000000a0000000,0x00000000a2c24860,0x00000000a6480000)
 Metaspace       used 72525K, capacity 76056K, committed 76160K, reserved 1116160K
  class space    used 9471K, capacity 10109K, committed 10112K, reserved 1048576K
Event: 3225.002 GC heap after
Heap after GC invocations=21 (full 3):
 PSYoungGen      total 215040K, used 13808K [0x00000000e0000000, 0x00000000eeb80000, 0x0000000100000000)
  eden space 201216K, 0% used [0x00000000e0000000,0x00000000e0000000,0x00000000ec480000)
  from space 13824K, 99% used [0x00000000ede00000,0x00000000eeb7c100,0x00000000eeb80000)
  to   space 18944K, 0% used [0x00000000ec680000,0x00000000ec680000,0x00000000ed900000)
 ParOldGen       total 102912K, used 45210K [0x00000000a0000000, 0x00000000a6480000, 0x00000000e0000000)
  object space 102912K, 43% used [0x00000000a0000000,0x00000000a2c26860,0x00000000a6480000)
 Metaspace       used 72525K, capacity 76056K, committed 76160K, reserved 1116160K
  class space    used 9471K, capacity 10109K, committed 10112K, reserved 1048576K
}
Event: 3226.063 GC heap before
{Heap before GC invocations=22 (full 3):
 PSYoungGen      total 215040K, used 214518K [0x00000000e0000000, 0x00000000eeb80000, 0x0000000100000000)
  eden space 201216K, 99% used [0x00000000e0000000,0x00000000ec401748,0x00000000ec480000)
  from space 13824K, 99% used [0x00000000ede00000,0x00000000eeb7c100,0x00000000eeb80000)
  to   space 18944K, 0% used [0x00000000ec680000,0x00000000ec680000,0x00000000ed900000)
 ParOldGen       total 102912K, used 45210K [0x00000000a0000000, 0x00000000a6480000, 0x00000000e0000000)
  object space 102912K, 43% used [0x00000000a0000000,0x00000000a2c26860,0x00000000a6480000)
 Metaspace       used 72534K, capacity 76056K, committed 76160K, reserved 1116160K
  class space    used 9471K, capacity 10109K, committed 10112K, reserved 1048576K
Event: 3226.302 GC heap after
Heap after GC invocations=22 (full 3):
 PSYoungGen      total 222208K, used 12324K [0x00000000e0000000, 0x00000000f2000000, 0x0000000100000000)
  eden space 203264K, 0% used [0x00000000e0000000,0x00000000e0000000,0x00000000ec680000)
  from space 18944K, 65% used [0x00000000ec680000,0x00000000ed2893f8,0x00000000ed900000)
  to   space 19456K, 0% used [0x00000000f0d00000,0x00000000f0d00000,0x00000000f2000000)
 ParOldGen       total 102912K, used 45218K [0x00000000a0000000, 0x00000000a6480000, 0x00000000e0000000)
  object space 102912K, 43% used [0x00000000a0000000,0x00000000a2c28860,0x00000000a6480000)
 Metaspace       used 72534K, capacity 76056K, committed 76160K, reserved 1116160K
  class space    used 9471K, capacity 10109K, committed 10112K, reserved 1048576K
}
Event: 3233.142 GC heap before
{Heap before GC invocations=23 (full 3):
 PSYoungGen      total 222208K, used 215588K [0x00000000e0000000, 0x00000000f2000000, 0x0000000100000000)
  eden space 203264K, 100% used [0x00000000e0000000,0x00000000ec680000,0x00000000ec680000)
  from space 18944K, 65% used [0x00000000ec680000,0x00000000ed2893f8,0x00000000ed900000)
  to   space 19456K, 0% used [0x00000000f0d00000,0x00000000f0d00000,0x00000000f2000000)
 ParOldGen       total 102912K, used 45218K [0x00000000a0000000, 0x00000000a6480000, 0x00000000e0000000)
  object space 102912K, 43% used [0x00000000a0000000,0x00000000a2c28860,0x00000000a6480000)
 Metaspace       used 76088K, capacity 79680K, committed 79872K, reserved 1118208K
  class space    used 9826K, capacity 10479K, committed 10496K, reserved 1048576K
Event: 3233.752 GC heap after
Heap after GC invocations=23 (full 3):
 PSYoungGen      total 270848K, used 19441K [0x00000000e0000000, 0x00000000f2d80000, 0x0000000100000000)
  eden space 251392K, 0% used [0x00000000e0000000,0x00000000e0000000,0x00000000ef580000)
  from space 19456K, 99% used [0x00000000f0d00000,0x00000000f1ffc4e8,0x00000000f2000000)
  to   space 24064K, 0% used [0x00000000ef580000,0x00000000ef580000,0x00000000f0d00000)
 ParOldGen       total 102912K, used 50925K [0x00000000a0000000, 0x00000000a6480000, 0x00000000e0000000)
  object space 102912K, 49% used [0x00000000a0000000,0x00000000a31bb790,0x00000000a6480000)
 Metaspace       used 76088K, capacity 79680K, committed 79872K, reserved 1118208K
  class space    used 9826K, capacity 10479K, committed 10496K, reserved 1048576K
}
Event: 3235.938 GC heap before
{Heap before GC invocations=24 (full 3):
 PSYoungGen      total 270848K, used 270833K [0x00000000e0000000, 0x00000000f2d80000, 0x0000000100000000)
  eden space 251392K, 100% used [0x00000000e0000000,0x00000000ef580000,0x00000000ef580000)
  from space 19456K, 99% used [0x00000000f0d00000,0x00000000f1ffc4e8,0x00000000f2000000)
  to   space 24064K, 0% used [0x00000000ef580000,0x00000000ef580000,0x00000000f0d00000)
 ParOldGen       total 102912K, used 50925K [0x00000000a0000000, 0x00000000a6480000, 0x00000000e0000000)
  object space 102912K, 49% used [0x00000000a0000000,0x00000000a31bb790,0x00000000a6480000)
 Metaspace       used 76303K, capacity 79936K, committed 80128K, reserved 1118208K
  class space    used 9830K, capacity 10479K, committed 10496K, reserved 1048576K

